# JRE version: OpenJDK Runtime Environment (8.0_242-b01) (build 1.8.0_242-release-1644-b01)
# Java VM: OpenJDK 64-Bit Server VM (25.242-b01 mixed mode windows-amd64 compressed oops)
Heap:
 PSYoungGen      total 249856K, used 131895K [0x00000000d5580000, 0x00000000e6b00000, 0x0000000100000000)
  eden space 217600K, 60% used [0x00000000d5580000,0x00000000dd64dce8,0x00000000e2a00000)
  from space 32256K, 0% used [0x00000000e2a00000,0x00000000e2a00000,0x00000000e4980000)
  to   space 24576K, 0% used [0x00000000e4980000,0x00000000e4980000,0x00000000e6180000)
 ParOldGen       total 145408K, used 69417K [0x0000000080000000, 0x0000000088e00000, 0x00000000d5580000)
  object space 145408K, 47% used [0x0000000080000000,0x00000000843ca740,0x0000000088e00000)
 Metaspace       used 94611K, capacity 99009K, committed 100376K, reserved 1136640K
  class space    used 12828K, capacity 13710K, committed 14120K, reserved 1048576K
GC Heap History (10 events):
Event: 14.588 GC heap before
{Heap before GC invocations=13 (full 3):
 PSYoungGen      total 200704K, used 16876K [0x00000000d5580000, 0x00000000e3600000, 0x0000000100000000)
  eden space 183808K, 0% used [0x00000000d5580000,0x00000000d5580000,0x00000000e0900000)
  from space 16896K, 99% used [0x00000000e1e80000,0x00000000e2efb330,0x00000000e2f00000)
  to   space 22016K, 0% used [0x00000000e0900000,0x00000000e0900000,0x00000000e1e80000)
 ParOldGen       total 93696K, used 26132K [0x0000000080000000, 0x0000000085b80000, 0x00000000d5580000)
  object space 93696K, 27% used [0x0000000080000000,0x0000000081985078,0x0000000085b80000)
 Metaspace       used 56993K, capacity 59119K, committed 59160K, reserved 1099776K
  class space    used 7701K, capacity 8191K, committed 8232K, reserved 1048576K
Event: 14.759 GC heap after
Heap after GC invocations=13 (full 3):
 PSYoungGen      total 200704K, used 0K [0x00000000d5580000, 0x00000000e3600000, 0x0000000100000000)
  eden space 183808K, 0% used [0x00000000d5580000,0x00000000d5580000,0x00000000e0900000)
  from space 16896K, 0% used [0x00000000e1e80000,0x00000000e1e80000,0x00000000e2f00000)
  to   space 22016K, 0% used [0x00000000e0900000,0x00000000e0900000,0x00000000e1e80000)
 ParOldGen       total 145408K, used 37901K [0x0000000080000000, 0x0000000088e00000, 0x00000000d5580000)
  object space 145408K, 26% used [0x0000000080000000,0x0000000082503680,0x0000000088e00000)
 Metaspace       used 56952K, capacity 58975K, committed 59160K, reserved 1099776K
  class space    used 7688K, capacity 8167K, committed 8232K, reserved 1048576K
}
Event: 18.534 GC heap before
{Heap before GC invocations=14 (full 3):
 PSYoungGen      total 200704K, used 183808K [0x00000000d5580000, 0x00000000e3600000, 0x0000000100000000)
  eden space 183808K, 100% used [0x00000000d5580000,0x00000000e0900000,0x00000000e0900000)
  from space 16896K, 0% used [0x00000000e1e80000,0x00000000e1e80000,0x00000000e2f00000)
  to   space 22016K, 0% used [0x00000000e0900000,0x00000000e0900000,0x00000000e1e80000)
 ParOldGen       total 145408K, used 37901K [0x0000000080000000, 0x0000000088e00000, 0x00000000d5580000)
  object space 145408K, 26% used [0x0000000080000000,0x0000000082503680,0x0000000088e00000)
 Metaspace       used 66313K, capacity 69875K, committed 70040K, reserved 1110016K
  class space    used 9178K, capacity 9881K, committed 9896K, reserved 1048576K
Event: 18.549 GC heap after
Heap after GC invocations=14 (full 3):
 PSYoungGen      total 205824K, used 20168K [0x00000000d5580000, 0x00000000e6180000, 0x0000000100000000)
  eden space 183808K, 0% used [0x00000000d5580000,0x00000000d5580000,0x00000000e0900000)
  from space 22016K, 91% used [0x00000000e0900000,0x00000000e1cb2068,0x00000000e1e80000)
  to   space 24576K, 0% used [0x00000000e4980000,0x00000000e4980000,0x00000000e6180000)
 ParOldGen       total 145408K, used 37909K [0x0000000080000000, 0x0000000088e00000, 0x00000000d5580000)
  object space 145408K, 26% used [0x0000000080000000,0x0000000082505680,0x0000000088e00000)
 Metaspace       used 66313K, capacity 69875K, committed 70040K, reserved 1110016K
  class space    used 9178K, capacity 9881K, committed 9896K, reserved 1048576K
}
Event: 30.487 GC heap before
{Heap before GC invocations=15 (full 3):
 PSYoungGen      total 205824K, used 203976K [0x00000000d5580000, 0x00000000e6180000, 0x0000000100000000)
  eden space 183808K, 100% used [0x00000000d5580000,0x00000000e0900000,0x00000000e0900000)
  from space 22016K, 91% used [0x00000000e0900000,0x00000000e1cb2068,0x00000000e1e80000)
  to   space 24576K, 0% used [0x00000000e4980000,0x00000000e4980000,0x00000000e6180000)
 ParOldGen       total 145408K, used 37909K [0x0000000080000000, 0x0000000088e00000, 0x00000000d5580000)
  object space 145408K, 26% used [0x0000000080000000,0x0000000082505680,0x0000000088e00000)
 Metaspace       used 77723K, capacity 81763K, committed 81944K, reserved 1120256K
  class space    used 10717K, capacity 11533K, committed 11560K, reserved 1048576K
Event: 30.513 GC heap after
Heap after GC invocations=15 (full 3):
 PSYoungGen      total 242176K, used 24566K [0x00000000d5580000, 0x00000000e6b00000, 0x0000000100000000)
  eden space 217600K, 0% used [0x00000000d5580000,0x00000000d5580000,0x00000000e2a00000)
  from space 24576K, 99% used [0x00000000e4980000,0x00000000e617d908,0x00000000e6180000)
  to   space 32256K, 0% used [0x00000000e2a00000,0x00000000e2a00000,0x00000000e4980000)
 ParOldGen       total 145408K, used 48403K [0x0000000080000000, 0x0000000088e00000, 0x00000000d5580000)
  object space 145408K, 33% used [0x0000000080000000,0x0000000082f44ef8,0x0000000088e00000)
 Metaspace       used 77723K, capacity 81763K, committed 81944K, reserved 1120256K
  class space    used 10717K, capacity 11533K, committed 11560K, reserved 1048576K
}
Event: 35.941 GC heap before
{Heap before GC invocations=16 (full 3):
 PSYoungGen      total 242176K, used 211207K [0x00000000d5580000, 0x00000000e6b00000, 0x0000000100000000)
  eden space 217600K, 85% used [0x00000000d5580000,0x00000000e0bc4318,0x00000000e2a00000)
  from space 24576K, 99% used [0x00000000e4980000,0x00000000e617d908,0x00000000e6180000)
  to   space 32256K, 0% used [0x00000000e2a00000,0x00000000e2a00000,0x00000000e4980000)
 ParOldGen       total 145408K, used 48403K [0x0000000080000000, 0x0000000088e00000, 0x00000000d5580000)
  object space 145408K, 33% used [0x0000000080000000,0x0000000082f44ef8,0x0000000088e00000)
 Metaspace       used 93149K, capacity 98495K, committed 98600K, reserved 1134592K
  class space    used 12915K, capacity 13929K, committed 13992K, reserved 1048576K
Event: 36.008 GC heap after
Heap after GC invocations=16 (full 3):
 PSYoungGen      total 249856K, used 32232K [0x00000000d5580000, 0x00000000e6b00000, 0x0000000100000000)
  eden space 217600K, 0% used [0x00000000d5580000,0x00000000d5580000,0x00000000e2a00000)
  from space 32256K, 99% used [0x00000000e2a00000,0x00000000e497a1a8,0x00000000e4980000)
  to   space 24576K, 0% used [0x00000000e4980000,0x00000000e4980000,0x00000000e6180000)
 ParOldGen       total 145408K, used 58113K [0x0000000080000000, 0x0000000088e00000, 0x00000000d5580000)
  object space 145408K, 39% used [0x0000000080000000,0x00000000838c07c0,0x0000000088e00000)
 Metaspace       used 93149K, capacity 98495K, committed 98600K, reserved 1134592K
  class space    used 12915K, capacity 13929K, committed 13992K, reserved 1048576K
}
Event: 36.008 GC heap before
{Heap before GC invocations=17 (full 4):
 PSYoungGen      total 249856K, used 32232K [0x00000000d5580000, 0x00000000e6b00000, 0x0000000100000000)
  eden space 217600K, 0% used [0x00000000d5580000,0x00000000d5580000,0x00000000e2a00000)
  from space 32256K, 99% used [0x00000000e2a00000,0x00000000e497a1a8,0x00000000e4980000)
  to   space 24576K, 0% used [0x00000000e4980000,0x00000000e4980000,0x00000000e6180000)
 ParOldGen       total 145408K, used 58113K [0x0000000080000000, 0x0000000088e00000, 0x00000000d5580000)
  object space 145408K, 39% used [0x0000000080000000,0x00000000838c07c0,0x0000000088e00000)
 Metaspace       used 93149K, capacity 98495K, committed 98600K, reserved 1134592K
  class space    used 12915K, capacity 13929K, committed 13992K, reserved 1048576K
Event: 36.218 GC heap after
Heap after GC invocations=17 (full 4):
 PSYoungGen      total 249856K, used 0K [0x00000000d5580000, 0x00000000e6b00000, 0x0000000100000000)
  eden space 217600K, 0% used [0x00000000d5580000,0x00000000d5580000,0x00000000e2a00000)
  from space 32256K, 0% used [0x00000000e2a00000,0x00000000e2a00000,0x00000000e4980000)
  to   space 24576K, 0% used [0x00000000e4980000,0x00000000e4980000,0x00000000e6180000)
 ParOldGen       total 145408K, used 69417K [0x0000000080000000, 0x0000000088e00000, 0x00000000d5580000)
  object space 145408K, 47% used [0x0000000080000000,0x00000000843ca740,0x0000000088e00000)
 Metaspace       used 92547K, capacity 96817K, committed 98600K, reserved 1134592K
  class space    used 12716K, capacity 13576K, committed 13992K, reserved 1048576K
}

